wear/build/intermediates/manifest_merge_blame_file/debug/processDebugMainManifest/manifest-merger-blame-debug-report.txt
1<?xml version="1.0" encoding="utf-8"?>
2<manifest xmlns:android="http://schemas.android.com/apk/res/android"
3    package="com.cyberkidstudios.smartreps"
4    android:versionCode="200001"
5    android:versionName="1.0.0" >
6
7    <uses-sdk
7-->INJECTED
8        android:minSdkVersion="26"
8-->INJECTED
9        android:targetSdkVersion="35" />
9-->INJECTED
10
11    <uses-feature android:name="android.hardware.type.watch" />
11-->src/main/AndroidManifest.xml:4:5-64
11-->src/main/AndroidManifest.xml:4:19-61
12
13    <uses-permission android:name="android.permission.INTERNET" />
13-->[com.google.firebase:firebase-crashlytics:19.0.3] AndroidManifest.xml:7:5-67
13-->[com.google.firebase:firebase-crashlytics:19.0.3] AndroidManifest.xml:7:22-64
14    <uses-permission android:name="android.permission.ACCESS_NETWORK_STATE" />
14-->[com.google.android.gms:play-services-measurement-api:22.0.2] AndroidManifest.xml:23:5-79
14-->[com.google.android.gms:play-services-measurement-api:22.0.2] AndroidManifest.xml:23:22-76
15    <uses-permission android:name="android.permission.WAKE_LOCK" />
15-->[com.google.android.gms:play-services-measurement-api:22.0.2] AndroidManifest.xml:24:5-68
15-->[com.google.android.gms:play-services-measurement-api:22.0.2] AndroidManifest.xml:24:22-65
16    <uses-permission android:name="com.google.android.gms.permission.AD_ID" />
16-->[com.google.android.gms:play-services-measurement-api:22.0.2] AndroidManifest.xml:25:5-79
16-->[com.google.android.gms:play-services-measurement-api:22.0.2] AndroidManifest.xml:25:22-76
17    <uses-permission android:name="android.permission.ACCESS_ADSERVICES_ATTRIBUTION" />
17-->[com.google.android.gms:play-services-measurement-api:22.0.2] AndroidManifest.xml:26:5-88
17-->[com.google.android.gms:play-services-measurement-api:22.0.2] AndroidManifest.xml:26:22-85
18    <uses-permission android:name="android.permission.ACCESS_ADSERVICES_AD_ID" />
18-->[com.google.android.gms:play-services-measurement-api:22.0.2] AndroidManifest.xml:27:5-82
18-->[com.google.android.gms:play-services-measurement-api:22.0.2] AndroidManifest.xml:27:22-79
19    <uses-permission android:name="com.google.android.finsky.permission.BIND_GET_INSTALL_REFERRER_SERVICE" />
19-->[com.google.android.gms:play-services-measurement:22.0.2] AndroidManifest.xml:26:5-110
19-->[com.google.android.gms:play-services-measurement:22.0.2] AndroidManifest.xml:26:22-107
20
21    <permission
21-->[androidx.core:core:1.16.0] AndroidManifest.xml:22:5-24:47
22        android:name="com.cyberkidstudios.smartreps.DYNAMIC_RECEIVER_NOT_EXPORTED_PERMISSION"
22-->[androidx.core:core:1.16.0] AndroidManifest.xml:23:9-81
23        android:protectionLevel="signature" />
23-->[androidx.core:core:1.16.0] AndroidManifest.xml:24:9-44
24
25    <uses-permission android:name="com.cyberkidstudios.smartreps.DYNAMIC_RECEIVER_NOT_EXPORTED_PERMISSION" />
25-->[androidx.core:core:1.16.0] AndroidManifest.xml:26:5-97
25-->[androidx.core:core:1.16.0] AndroidManifest.xml:26:22-94
26
27    <application
27-->src/main/AndroidManifest.xml:6:5-27:19
28        android:name="com.cyberkidstudios.smartreps.wear.SmartRepsWearApplication"
28-->src/main/AndroidManifest.xml:7:9-49
29        android:allowBackup="true"
29-->src/main/AndroidManifest.xml:8:9-35
30        android:appComponentFactory="androidx.core.app.CoreComponentFactory"
30-->[androidx.core:core:1.16.0] AndroidManifest.xml:28:18-86
31        android:debuggable="true"
32        android:extractNativeLibs="false"
32-->INJECTED
33        android:icon="@mipmap/ic_launcher"
33-->src/main/AndroidManifest.xml:9:9-43
34        android:label="@string/app_name"
34-->src/main/AndroidManifest.xml:10:9-41
35        android:supportsRtl="true"
35-->src/main/AndroidManifest.xml:11:9-35
36        android:testOnly="true"
37        android:theme="@style/Theme.App.Starting" >
37-->src/main/AndroidManifest.xml:12:9-50
38        <meta-data
38-->src/main/AndroidManifest.xml:14:9-16:36
39            android:name="com.google.android.wearable.standalone"
39-->src/main/AndroidManifest.xml:15:13-66
40            android:value="true" />
40-->src/main/AndroidManifest.xml:16:13-33
41
42        <activity
42-->src/main/AndroidManifest.xml:18:9-26:20
43            android:name="com.cyberkidstudios.smartreps.wear.MainActivity"
43-->src/main/AndroidManifest.xml:19:13-41
44            android:exported="true"
44-->src/main/AndroidManifest.xml:20:13-36
45            android:theme="@style/Theme.App.Starting" >
45-->src/main/AndroidManifest.xml:21:13-54
46            <intent-filter>
46-->src/main/AndroidManifest.xml:22:13-25:29
47                <action android:name="android.intent.action.MAIN" />
47-->src/main/AndroidManifest.xml:23:17-69
47-->src/main/AndroidManifest.xml:23:25-66
48
49                <category android:name="android.intent.category.LAUNCHER" />
49-->src/main/AndroidManifest.xml:24:17-77
49-->src/main/AndroidManifest.xml:24:27-74
50            </intent-filter>
51        </activity>
52
53        <uses-library
53-->[androidx.wear.compose:compose-foundation:1.6.2] AndroidManifest.xml:23:9-25:40
54            android:name="wear-sdk"
54-->[androidx.wear.compose:compose-foundation:1.6.2] AndroidManifest.xml:24:13-36
55            android:required="false" />
55-->[androidx.wear.compose:compose-foundation:1.6.2] AndroidManifest.xml:25:13-37
56
57        <service
57-->[androidx.room:room-runtime-android:2.8.4] AndroidManifest.xml:24:9-28:63
58            android:name="androidx.room.MultiInstanceInvalidationService"
58-->[androidx.room:room-runtime-android:2.8.4] AndroidManifest.xml:25:13-74
59            android:directBootAware="true"
59-->[androidx.room:room-runtime-android:2.8.4] AndroidManifest.xml:26:13-43
60            android:exported="false" />
60-->[androidx.room:room-runtime-android:2.8.4] AndroidManifest.xml:27:13-37
61
62        <uses-library
62-->[androidx.wear:wear:1.3.0] AndroidManifest.xml:23:9-25:40
63            android:name="com.google.android.wearable"
63-->[androidx.wear:wear:1.3.0] AndroidManifest.xml:24:13-55
64            android:required="false" />
64-->[androidx.wear:wear:1.3.0] AndroidManifest.xml:25:13-37
65
66        <activity
66-->[com.google.android.gms:play-services-base:18.5.0] AndroidManifest.xml:5:9-173
67            android:name="com.google.android.gms.common.api.GoogleApiActivity"
67-->[com.google.android.gms:play-services-base:18.5.0] AndroidManifest.xml:5:19-85
68            android:exported="false"
68-->[com.google.android.gms:play-services-base:18.5.0] AndroidManifest.xml:5:146-170
69            android:theme="@android:style/Theme.Translucent.NoTitleBar" />
69-->[com.google.android.gms:play-services-base:18.5.0] AndroidManifest.xml:5:86-145
70
71        <service
71-->[com.google.firebase:firebase-crashlytics:19.0.3] AndroidManifest.xml:12:9-21:19
72            android:name="com.google.firebase.components.ComponentDiscoveryService"
72-->[com.google.firebase:firebase-crashlytics:19.0.3] AndroidManifest.xml:13:13-84
73            android:directBootAware="true"
73-->[com.google.firebase:firebase-common:21.0.0] AndroidManifest.xml:32:13-43
74            android:exported="false" >
74-->[com.google.firebase:firebase-crashlytics:19.0.3] AndroidManifest.xml:14:13-37
75            <meta-data
75-->[com.google.firebase:firebase-crashlytics:19.0.3] AndroidManifest.xml:15:13-17:85
76                android:name="com.google.firebase.components:com.google.firebase.crashlytics.FirebaseCrashlyticsKtxRegistrar"
76-->[com.google.firebase:firebase-crashlytics:19.0.3] AndroidManifest.xml:16:17-126
77                android:value="com.google.firebase.components.ComponentRegistrar" />
77-->[com.google.firebase:firebase-crashlytics:19.0.3] AndroidManifest.xml:17:17-82
78            <meta-data
78-->[com.google.firebase:firebase-crashlytics:19.0.3] AndroidManifest.xml:18:13-20:85
79                android:name="com.google.firebase.components:com.google.firebase.crashlytics.CrashlyticsRegistrar"
79-->[com.google.firebase:firebase-crashlytics:19.0.3] AndroidManifest.xml:19:17-115
80                android:value="com.google.firebase.components.ComponentRegistrar" />
80-->[com.google.firebase:firebase-crashlytics:19.0.3] AndroidManifest.xml:20:17-82
81            <meta-data
81-->[com.google.android.gms:play-services-measurement-api:22.0.2] AndroidManifest.xml:37:13-39:85
82                android:name="com.google.firebase.components:com.google.firebase.analytics.connector.internal.AnalyticsConnectorRegistrar"
82-->[com.google.android.gms:play-services-measurement-api:22.0.2] AndroidManifest.xml:38:17-139
83                android:value="com.google.firebase.components.ComponentRegistrar" />
83-->[com.google.android.gms:play-services-measurement-api:22.0.2] AndroidManifest.xml:39:17-82
84            <meta-data
84-->[com.google.firebase:firebase-sessions:2.0.3] AndroidManifest.xml:29:13-31:85
85                android:name="com.google.firebase.components:com.google.firebase.sessions.FirebaseSessionsRegistrar"
85-->[com.google.firebase:firebase-sessions:2.0.3] AndroidManifest.xml:30:17-117
86                android:value="com.google.firebase.components.ComponentRegistrar" />
86-->[com.google.firebase:firebase-sessions:2.0.3] AndroidManifest.xml:31:17-82
87            <meta-data
87-->[com.google.firebase:firebase-installations:18.0.0] AndroidManifest.xml:15:13-17:85
88                android:name="com.google.firebase.components:com.google.firebase.installations.FirebaseInstallationsKtxRegistrar"
88-->[com.google.firebase:firebase-installations:18.0.0] AndroidManifest.xml:16:17-130
89                android:value="com.google.firebase.components.ComponentRegistrar" />
89-->[com.google.firebase:firebase-installations:18.0.0] AndroidManifest.xml:17:17-82
90            <meta-data
90-->[com.google.firebase:firebase-installations:18.0.0] AndroidManifest.xml:18:13-20:85
91                android:name="com.google.firebase.components:com.google.firebase.installations.FirebaseInstallationsRegistrar"
91-->[com.google.firebase:firebase-installations:18.0.0] AndroidManifest.xml:19:17-127
92                android:value="com.google.firebase.components.ComponentRegistrar" />
92-->[com.google.firebase:firebase-installations:18.0.0] AndroidManifest.xml:20:17-82
93            <meta-data
93-->[com.google.firebase:firebase-common-ktx:21.0.0] AndroidManifest.xml:12:13-14:85
94                android:name="com.google.firebase.components:com.google.firebase.ktx.FirebaseCommonLegacyRegistrar"
94-->[com.google.firebase:firebase-common-ktx:21.0.0] AndroidManifest.xml:13:17-116
95                android:value="com.google.firebase.components.ComponentRegistrar" />
95-->[com.google.firebase:firebase-common-ktx:21.0.0] AndroidManifest.xml:14:17-82
96            <meta-data
96-->[com.google.firebase:firebase-common:21.0.0] AndroidManifest.xml:35:13-37:85
97                android:name="com.google.firebase.components:com.google.firebase.FirebaseCommonKtxRegistrar"
97-->[com.google.firebase:firebase-common:21.0.0] AndroidManifest.xml:36:17-109
98                android:value="com.google.firebase.components.ComponentRegistrar" />
98-->[com.google.firebase:firebase-common:21.0.0] AndroidManifest.xml:37:17-82
99            <meta-data
99-->[com.google.firebase:firebase-datatransport:19.0.0] AndroidManifest.xml:25:13-27:85
100                android:name="com.google.firebase.components:com.google.firebase.datatransport.TransportRegistrar"
100-->[com.google.firebase:firebase-datatransport:19.0.0] AndroidManifest.xml:26:17-115
101                android:value="com.google.firebase.components.ComponentRegistrar" />
101-->[com.google.firebase:firebase-datatransport:19.0.0] AndroidManifest.xml:27:17-82
102        </service>
103
104        <property
104-->[com.google.android.gms:play-services-measurement-api:22.0.2] AndroidManifest.xml:30:9-32:61
105            android:name="android.adservices.AD_SERVICES_CONFIG"
105-->[com.google.android.gms:play-services-measurement-api:22.0.2] AndroidManifest.xml:31:13-65
106            android:resource="@xml/ga_ad_services_config" />
106-->[com.google.android.gms:play-services-measurement-api:22.0.2] AndroidManifest.xml:32:13-58
107
108        <service
108-->[com.google.firebase:firebase-sessions:2.0.3] AndroidManifest.xml:22:9-25:40
109            android:name="com.google.firebase.sessions.SessionLifecycleService"
109-->[com.google.firebase:firebase-sessions:2.0.3] AndroidManifest.xml:23:13-80
110            android:enabled="true"
110-->[com.google.firebase:firebase-sessions:2.0.3] AndroidManifest.xml:24:13-35
111            android:exported="false" />
111-->[com.google.firebase:firebase-sessions:2.0.3] AndroidManifest.xml:25:13-37
112
113        <provider
113-->[com.google.firebase:firebase-common:21.0.0] AndroidManifest.xml:23:9-28:39
114            android:name="com.google.firebase.provider.FirebaseInitProvider"
114-->[com.google.firebase:firebase-common:21.0.0] AndroidManifest.xml:24:13-77
115            android:authorities="com.cyberkidstudios.smartreps.firebaseinitprovider"
115-->[com.google.firebase:firebase-common:21.0.0] AndroidManifest.xml:25:13-72
116            android:directBootAware="true"
116-->[com.google.firebase:firebase-common:21.0.0] AndroidManifest.xml:26:13-43
117            android:exported="false"
117-->[com.google.firebase:firebase-common:21.0.0] AndroidManifest.xml:27:13-37
118            android:initOrder="100" />
118-->[com.google.firebase:firebase-common:21.0.0] AndroidManifest.xml:28:13-36
119
120        <activity
120-->[androidx.compose.ui:ui-tooling-android:1.11.3] AndroidManifest.xml:23:9-25:39
121            android:name="androidx.compose.ui.tooling.PreviewActivity"
121-->[androidx.compose.ui:ui-tooling-android:1.11.3] AndroidManifest.xml:24:13-71
122            android:exported="true" />
122-->[androidx.compose.ui:ui-tooling-android:1.11.3] AndroidManifest.xml:25:13-36
123
124        <receiver
124-->[com.google.android.gms:play-services-measurement:22.0.2] AndroidManifest.xml:29:9-33:20
125            android:name="com.google.android.gms.measurement.AppMeasurementReceiver"
125-->[com.google.android.gms:play-services-measurement:22.0.2] AndroidManifest.xml:30:13-85
126            android:enabled="true"
126-->[com.google.android.gms:play-services-measurement:22.0.2] AndroidManifest.xml:31:13-35
127            android:exported="false" >
127-->[com.google.android.gms:play-services-measurement:22.0.2] AndroidManifest.xml:32:13-37
128        </receiver>
129
130        <service
130-->[com.google.android.gms:play-services-measurement:22.0.2] AndroidManifest.xml:35:9-38:40
131            android:name="com.google.android.gms.measurement.AppMeasurementService"
131-->[com.google.android.gms:play-services-measurement:22.0.2] AndroidManifest.xml:36:13-84
132            android:enabled="true"
132-->[com.google.android.gms:play-services-measurement:22.0.2] AndroidManifest.xml:37:13-35
133            android:exported="false" />
133-->[com.google.android.gms:play-services-measurement:22.0.2] AndroidManifest.xml:38:13-37
134        <service
134-->[com.google.android.gms:play-services-measurement:22.0.2] AndroidManifest.xml:39:9-43:72
135            android:name="com.google.android.gms.measurement.AppMeasurementJobService"
135-->[com.google.android.gms:play-services-measurement:22.0.2] AndroidManifest.xml:40:13-87
136            android:enabled="true"
136-->[com.google.android.gms:play-services-measurement:22.0.2] AndroidManifest.xml:41:13-35
137            android:exported="false"
137-->[com.google.android.gms:play-services-measurement:22.0.2] AndroidManifest.xml:42:13-37
138            android:permission="android.permission.BIND_JOB_SERVICE" />
138-->[com.google.android.gms:play-services-measurement:22.0.2] AndroidManifest.xml:43:13-69
139
140        <provider
140-->[androidx.emoji2:emoji2:1.4.0] AndroidManifest.xml:24:9-32:20
141            android:name="androidx.startup.InitializationProvider"
141-->[androidx.emoji2:emoji2:1.4.0] AndroidManifest.xml:25:13-67
142            android:authorities="com.cyberkidstudios.smartreps.androidx-startup"
142-->[androidx.emoji2:emoji2:1.4.0] AndroidManifest.xml:26:13-68
143            android:exported="false" >
143-->[androidx.emoji2:emoji2:1.4.0] AndroidManifest.xml:27:13-37
144            <meta-data
144-->[androidx.emoji2:emoji2:1.4.0] AndroidManifest.xml:29:13-31:52
145                android:name="androidx.emoji2.text.EmojiCompatInitializer"
145-->[androidx.emoji2:emoji2:1.4.0] AndroidManifest.xml:30:17-75
146                android:value="androidx.startup" />
146-->[androidx.emoji2:emoji2:1.4.0] AndroidManifest.xml:31:17-49
147            <meta-data
147-->[androidx.lifecycle:lifecycle-process:2.9.4] AndroidManifest.xml:29:13-31:52
148                android:name="androidx.lifecycle.ProcessLifecycleInitializer"
148-->[androidx.lifecycle:lifecycle-process:2.9.4] AndroidManifest.xml:30:17-78
149                android:value="androidx.startup" />
149-->[androidx.lifecycle:lifecycle-process:2.9.4] AndroidManifest.xml:31:17-49
150            <meta-data
150-->[androidx.profileinstaller:profileinstaller:1.4.0] AndroidManifest.xml:29:13-31:52
151                android:name="androidx.profileinstaller.ProfileInstallerInitializer"
151-->[androidx.profileinstaller:profileinstaller:1.4.0] AndroidManifest.xml:30:17-85
152                android:value="androidx.startup" />
152-->[androidx.profileinstaller:profileinstaller:1.4.0] AndroidManifest.xml:31:17-49
153        </provider>
154
155        <uses-library
155-->[androidx.window:window:1.5.0] AndroidManifest.xml:23:9-25:40
156            android:name="androidx.window.extensions"
156-->[androidx.window:window:1.5.0] AndroidManifest.xml:24:13-54
157            android:required="false" />
157-->[androidx.window:window:1.5.0] AndroidManifest.xml:25:13-37
158        <uses-library
158-->[androidx.window:window:1.5.0] AndroidManifest.xml:26:9-28:40
159            android:name="androidx.window.sidecar"
159-->[androidx.window:window:1.5.0] AndroidManifest.xml:27:13-51
160            android:required="false" />
160-->[androidx.window:window:1.5.0] AndroidManifest.xml:28:13-37
161        <uses-library
161-->[androidx.privacysandbox.ads:ads-adservices:1.0.0-beta05] AndroidManifest.xml:23:9-25:40
162            android:name="android.ext.adservices"
162-->[androidx.privacysandbox.ads:ads-adservices:1.0.0-beta05] AndroidManifest.xml:24:13-50
163            android:required="false" />
163-->[androidx.privacysandbox.ads:ads-adservices:1.0.0-beta05] AndroidManifest.xml:25:13-37
164
165        <meta-data
165-->[com.google.android.gms:play-services-basement:18.9.0] AndroidManifest.xml:21:9-23:69
166            android:name="com.google.android.gms.version"
166-->[com.google.android.gms:play-services-basement:18.9.0] AndroidManifest.xml:22:13-58
167            android:value="@integer/google_play_services_version" />
167-->[com.google.android.gms:play-services-basement:18.9.0] AndroidManifest.xml:23:13-66
168
169        <receiver
169-->[androidx.profileinstaller:profileinstaller:1.4.0] AndroidManifest.xml:34:9-52:20
170            android:name="androidx.profileinstaller.ProfileInstallReceiver"
170-->[androidx.profileinstaller:profileinstaller:1.4.0] AndroidManifest.xml:35:13-76
171            android:directBootAware="false"
171-->[androidx.profileinstaller:profileinstaller:1.4.0] AndroidManifest.xml:36:13-44
172            android:enabled="true"
172-->[androidx.profileinstaller:profileinstaller:1.4.0] AndroidManifest.xml:37:13-35
173            android:exported="true"
173-->[androidx.profileinstaller:profileinstaller:1.4.0] AndroidManifest.xml:38:13-36
174            android:permission="android.permission.DUMP" >
174-->[androidx.profileinstaller:profileinstaller:1.4.0] AndroidManifest.xml:39:13-57
175            <intent-filter>
175-->[androidx.profileinstaller:profileinstaller:1.4.0] AndroidManifest.xml:40:13-42:29
176                <action android:name="androidx.profileinstaller.action.INSTALL_PROFILE" />
176-->[androidx.profileinstaller:profileinstaller:1.4.0] AndroidManifest.xml:41:17-91
176-->[androidx.profileinstaller:profileinstaller:1.4.0] AndroidManifest.xml:41:25-88
177            </intent-filter>
178            <intent-filter>
178-->[androidx.profileinstaller:profileinstaller:1.4.0] AndroidManifest.xml:43:13-45:29
179                <action android:name="androidx.profileinstaller.action.SKIP_FILE" />
179-->[androidx.profileinstaller:profileinstaller:1.4.0] AndroidManifest.xml:44:17-85
179-->[androidx.profileinstaller:profileinstaller:1.4.0] AndroidManifest.xml:44:25-82
180            </intent-filter>
181            <intent-filter>
181-->[androidx.profileinstaller:profileinstaller:1.4.0] AndroidManifest.xml:46:13-48:29
182                <action android:name="androidx.profileinstaller.action.SAVE_PROFILE" />
182-->[androidx.profileinstaller:profileinstaller:1.4.0] AndroidManifest.xml:47:17-88
182-->[androidx.profileinstaller:profileinstaller:1.4.0] AndroidManifest.xml:47:25-85
183            </intent-filter>
184            <intent-filter>
184-->[androidx.profileinstaller:profileinstaller:1.4.0] AndroidManifest.xml:49:13-51:29
185                <action android:name="androidx.profileinstaller.action.BENCHMARK_OPERATION" />
185-->[androidx.profileinstaller:profileinstaller:1.4.0] AndroidManifest.xml:50:17-95
185-->[androidx.profileinstaller:profileinstaller:1.4.0] AndroidManifest.xml:50:25-92
186            </intent-filter>
187        </receiver>
188
189        <service
189-->[com.google.android.datatransport:transport-backend-cct:3.3.0] AndroidManifest.xml:26:9-32:19
190            android:name="com.google.android.datatransport.runtime.backends.TransportBackendDiscovery"
190-->[com.google.android.datatransport:transport-backend-cct:3.3.0] AndroidManifest.xml:27:13-103
191            android:exported="false" >
191-->[com.google.android.datatransport:transport-backend-cct:3.3.0] AndroidManifest.xml:28:13-37
192            <meta-data
192-->[com.google.android.datatransport:transport-backend-cct:3.3.0] AndroidManifest.xml:29:13-31:39
193                android:name="backend:com.google.android.datatransport.cct.CctBackendFactory"
193-->[com.google.android.datatransport:transport-backend-cct:3.3.0] AndroidManifest.xml:30:17-94
194                android:value="cct" />
194-->[com.google.android.datatransport:transport-backend-cct:3.3.0] AndroidManifest.xml:31:17-36
195        </service>
196        <service
196-->[com.google.android.datatransport:transport-runtime:3.3.0] AndroidManifest.xml:24:9-28:19
197            android:name="com.google.android.datatransport.runtime.scheduling.jobscheduling.JobInfoSchedulerService"
197-->[com.google.android.datatransport:transport-runtime:3.3.0] AndroidManifest.xml:25:13-117
198            android:exported="false"
198-->[com.google.android.datatransport:transport-runtime:3.3.0] AndroidManifest.xml:26:13-37
199            android:permission="android.permission.BIND_JOB_SERVICE" >
199-->[com.google.android.datatransport:transport-runtime:3.3.0] AndroidManifest.xml:27:13-69
200        </service>
201
202        <receiver
202-->[com.google.android.datatransport:transport-runtime:3.3.0] AndroidManifest.xml:30:9-32:40
203            android:name="com.google.android.datatransport.runtime.scheduling.jobscheduling.AlarmManagerSchedulerBroadcastReceiver"
203-->[com.google.android.datatransport:transport-runtime:3.3.0] AndroidManifest.xml:31:13-132
204            android:exported="false" />
204-->[com.google.android.datatransport:transport-runtime:3.3.0] AndroidManifest.xml:32:13-37
205    </application>
206
207</manifest>